---------------------------------------------------------------------
UMP-45%20%7C%20Grand%20Prix%20%28Field-Tested%29
0.6 / 0.73
---------------------------------------------------------------------
StatTrak%E2%84%A2%20Desert%20Eagle%20%7C%20Naga%20%28Minimal%20Wear%29
2.87 / 3.45
---------------------------------------------------------------------
Nova%20%7C%20Walnut%20%28Factory%20New%29
1.41 / 15.12
---------------------------------------------------------------------
M4A4%20%7C%20Griffin%20%28Field-Tested%29
0.43 / 0.66
---------------------------------------------------------------------
USP-S%20%7C%20Overgrowth%20%28Field-Tested%29
1.1 / 1.74
---------------------------------------------------------------------
Souvenir%20UMP-45%20%7C%20Indigo%20%28Field-Tested%29
0.49 / 0.71
---------------------------------------------------------------------
StatTrak%E2%84%A2%20P2000%20%7C%20Red%20FragCam%20%28Field-Tested%29
0.52 / 0.69
---------------------------------------------------------------------
Negev%20%7C%20Palm%20%28Minimal%20Wear%29
0.39 / 0.5
---------------------------------------------------------------------
MAG-7%20%7C%20Heat%20%28Field-Tested%29
0.6 / 0.79
---------------------------------------------------------------------
XM1014%20%7C%20Bone%20Machine%20%28Minimal%20Wear%29
1.24 / 1.8
---------------------------------------------------------------------
P2000%20%7C%20Grassland%20%28Battle-Scarred%29
14.99 / 24.66
---------------------------------------------------------------------
Sawed-Off%20%7C%20Sage%20Spray%20%28Factory%20New%29
1.55 / 2.46
---------------------------------------------------------------------
P250%20%7C%20Franklin%20%28Field-Tested%29
0.59 / 1.05
---------------------------------------------------------------------
StatTrak%E2%84%A2%20PP-Bizon%20%7C%20Cobalt%20Halftone%20%28Factory%20New%29
1.2 / 1.62
---------------------------------------------------------------------
StatTrak%E2%84%A2%20MAG-7%20%7C%20Heat%20%28Field-Tested%29
2.58 / 3.6
---------------------------------------------------------------------
M4A4%20%7C%20Griffin%20%28Minimal%20Wear%29
0.73 / 1.02
---------------------------------------------------------------------
MP7%20%7C%20Army%20Recon%20%28Factory%20New%29
0.13 / 0.64
---------------------------------------------------------------------
UMP-45%20%7C%20Scorched%20%28Battle-Scarred%29
0.09 / 0.53
---------------------------------------------------------------------
StatTrak%E2%84%A2%20MP7%20%7C%20Ocean%20Foam%20%28Minimal%20Wear%29
2.99 / 4.15
